app/build/outputs/logs/manifest-merger-debug-report.txt
-- Merging decision tree log ---
manifest
ADDED from src/main/AndroidManifest.xml:2:1-174:12
INJECTED from src/main/AndroidManifest.xml:2:1-174:12
INJECTED from src/main/AndroidManifest.xml:2:1-174:12
INJECTED from src/main/AndroidManifest.xml:2:1-174:12
MERGED from [com.github.dhaval2404:imagepicker-support:1.3] AndroidManifest.xml:2:1-42:12
MERGED from [com.airbnb:deeplinkdispatch:5.1.0] AndroidManifest.xml:2:1-9:12
MERGED from [com.github.niorgai:StatusBarCompat:2.1.4] AndroidManifest.xml:2:1-17:12
MERGED from [com.yun.ospl:jtabstrip:0.1.14] AndroidManifest.xml:2:1-9:12
MERGED from [com.facebook.android:account-kit-sdk:5.4.0] AndroidManifest.xml:21:1-55:12
MERGED from [com.google.android.libraries.places:places:1.0.0] AndroidManifest.xml:2:1-26:12
MERGED from [com.github.MasayukiSuda:BubbleLayout:v1.2.0] AndroidManifest.xml:2:1-12:12
MERGED from [com.github.yalantis:ucrop:2.2.2] AndroidManifest.xml:2:1-11:12
MERGED from [com.google.android.material:material:1.0.0] AndroidManifest.xml:17:1-24:12
MERGED from [net.gotev:uploadservice:3.5.2] AndroidManifest.xml:2:1-25:12
MERGED from [com.jsibbold:zoomage:1.3.1] AndroidManifest.xml:2:1-11:12
MERGED from [androidx.appcompat:appcompat:1.1.0] AndroidManifest.xml:17:1-24:12
MERGED from [androidx.cardview:cardview:1.0.0] AndroidManifest.xml:17:1-22:12
MERGED from [androidx.constraintlayout:constraintlayout:1.1.3] AndroidManifest.xml:2:1-11:12
MERGED from [com.google.android.gms:play-services-location:16.0.0] AndroidManifest.xml:2:1-9:12
MERGED from [com.google.firebase:firebase-messaging:17.3.0] AndroidManifest.xml:17:1-37:12
MERGED from [com.google.firebase:firebase-firestore:19.0.0] AndroidManifest.xml:2:1-24:12
MERGED from [com.google.android.gms:play-services-places-placereport:16.0.0] AndroidManifest.xml:17:1-24:12
MERGED from [com.google.firebase:firebase-core:16.0.1] AndroidManifest.xml:2:1-9:12
MERGED from [com.google.firebase:firebase-measurement-connector-impl:16.0.1] AndroidManifest.xml:17:1-34:12
MERGED from [com.google.firebase:firebase-analytics:16.0.1] AndroidManifest.xml:17:1-55:12
MERGED from [com.google.firebase:firebase-analytics-impl:16.1.1] AndroidManifest.xml:17:1-40:12
MERGED from [com.google.firebase:firebase-iid:17.0.0] AndroidManifest.xml:17:1-59:12
MERGED from [com.google.android.gms:play-services-auth:16.0.1] AndroidManifest.xml:17:1-39:12
MERGED from [com.google.android.gms:play-services-auth-api-phone:16.0.0] AndroidManifest.xml:2:1-7:12
MERGED from [com.google.android.gms:play-services-maps:16.0.0] AndroidManifest.xml:17:1-32:12
MERGED from [com.google.android.gms:play-services-clearcut:16.0.0] AndroidManifest.xml:17:1-24:12
MERGED from [com.google.firebase:firebase-auth-interop:17.0.0] AndroidManifest.xml:2:1-10:12
MERGED from [com.google.firebase:firebase-iid-interop:16.0.0] AndroidManifest.xml:2:1-10:12
MERGED from [com.google.android.gms:play-services-auth-base:16.0.0] AndroidManifest.xml:2:1-7:12
MERGED from [com.google.android.gms:play-services-phenotype:16.0.0] AndroidManifest.xml:17:1-24:12
MERGED from [com.google.android.gms:play-services-base:16.1.0] AndroidManifest.xml:17:1-29:12
MERGED from [com.google.firebase:firebase-common:17.0.0] AndroidManifest.xml:2:1-19:12
MERGED from [com.google.android.gms:play-services-tasks:16.0.1] AndroidManifest.xml:2:1-9:12
MERGED from [com.google.firebase:firebase-measurement-connector:16.0.0] AndroidManifest.xml:17:1-25:12
MERGED from [com.google.android.gms:play-services-stats:15.0.1] AndroidManifest.xml:2:1-9:12
MERGED from [com.google.android.gms:play-services-ads-identifier:15.0.1] AndroidManifest.xml:17:1-24:12
MERGED from [com.google.android.gms:play-services-basement:16.2.0] AndroidManifest.xml:17:1-28:12
MERGED from [com.github.barteksc:android-pdf-viewer:2.8.2] AndroidManifest.xml:2:1-11:12
MERGED from [com.github.barteksc:pdfium-android:1.7.1] AndroidManifest.xml:2:1-11:12
MERGED from [androidx.legacy:legacy-support-v4:1.0.0] AndroidManifest.xml:17:1-22:12
MERGED from [io.reactivex:rxandroid:1.2.1] AndroidManifest.xml:15:1-21:12
MERGED from [io.reactivex.rxjava2:rxandroid:2.0.1] AndroidManifest.xml:15:1-21:12
MERGED from [com.squareup.picasso:picasso:2.71828] AndroidManifest.xml:2:1-14:12
MERGED from [fr.avianey.com.viewpagerindicator:library:2.4.1.1] AndroidManifest.xml:3:1-9:12
MERGED from [de.hdodenhof:circleimageview:3.0.0] AndroidManifest.xml:2:1-11:12
MERGED from [com.bignerdranch.android:simple-item-decoration:1.0.0] AndroidManifest.xml:2:1-16:12
MERGED from [com.kaopiz:kprogresshud:1.2.0] AndroidManifest.xml:2:1-15:12
MERGED from [com.github.bumptech.glide:glide:4.9.0] AndroidManifest.xml:2:1-12:12
MERGED from [com.asksira.android:bsimagepicker:1.1.0] AndroidManifest.xml:2:1-15:12
MERGED from [androidx.recyclerview:recyclerview:1.0.0] AndroidManifest.xml:17:1-22:12
MERGED from [androidx.legacy:legacy-support-core-ui:1.0.0] AndroidManifest.xml:17:1-22:12
MERGED from [androidx.legacy:legacy-support-core-utils:1.0.0] AndroidManifest.xml:17:1-22:12
MERGED from [androidx.transition:transition:1.0.0] AndroidManifest.xml:17:1-22:12
MERGED from [androidx.media:media:1.0.0] AndroidManifest.xml:17:1-22:12
MERGED from [androidx.exifinterface:exifinterface:1.0.0] AndroidManifest.xml:17:1-22:12
MERGED from [androidx.localbroadcastmanager:localbroadcastmanager:1.0.0] AndroidManifest.xml:17:1-22:12
MERGED from [androidx.documentfile:documentfile:1.0.0] AndroidManifest.xml:17:1-22:12
MERGED from [androidx.fragment:fragment:1.1.0] AndroidManifest.xml:17:1-24:12
MERGED from [androidx.loader:loader:1.0.0] AndroidManifest.xml:17:1-22:12
MERGED from [androidx.print:print:1.0.0] AndroidManifest.xml:17:1-22:12
MERGED from [androidx.viewpager:viewpager:1.0.0] AndroidManifest.xml:17:1-22:12
MERGED from [androidx.coordinatorlayout:coordinatorlayout:1.0.0] AndroidManifest.xml:17:1-22:12
MERGED from [androidx.drawerlayout:drawerlayout:1.0.0] AndroidManifest.xml:17:1-22:12
MERGED from [androidx.slidingpanelayout:slidingpanelayout:1.0.0] AndroidManifest.xml:17:1-22:12
MERGED from [androidx.customview:customview:1.0.0] AndroidManifest.xml:17:1-22:12
MERGED from [androidx.swiperefreshlayout:swiperefreshlayout:1.0.0] AndroidManifest.xml:17:1-22:12
MERGED from [androidx.appcompat:appcompat-resources:1.1.0] AndroidManifest.xml:17:1-24:12
MERGED from [androidx.vectordrawable:vectordrawable-animated:1.1.0] AndroidManifest.xml:17:1-24:12
MERGED from [androidx.interpolator:interpolator:1.0.0] AndroidManifest.xml:17:1-22:12
MERGED from [androidx.asynclayoutinflater:asynclayoutinflater:1.0.0] AndroidManifest.xml:17:1-22:12
MERGED from [androidx.cursoradapter:cursoradapter:1.0.0] AndroidManifest.xml:17:1-22:12
MERGED from [androidx.activity:activity:1.0.0] AndroidManifest.xml:17:1-24:12
MERGED from [androidx.vectordrawable:vectordrawable:1.1.0] AndroidManifest.xml:17:1-24:12
MERGED from [androidx.core:core:1.1.0] AndroidManifest.xml:17:1-26:12
MERGED from [androidx.versionedparcelable:versionedparcelable:1.1.0] AndroidManifest.xml:17:1-27:12
MERGED from [androidx.lifecycle:lifecycle-livedata:2.0.0] AndroidManifest.xml:17:1-22:12
MERGED from [androidx.lifecycle:lifecycle-livedata-core:2.0.0] AndroidManifest.xml:17:1-22:12
MERGED from [androidx.arch.core:core-runtime:2.0.0] AndroidManifest.xml:17:1-22:12
MERGED from [androidx.lifecycle:lifecycle-runtime:2.1.0] AndroidManifest.xml:17:1-22:12
MERGED from [androidx.lifecycle:lifecycle-viewmodel:2.1.0] AndroidManifest.xml:17:1-22:12
MERGED from [androidx.savedstate:savedstate:1.0.0] AndroidManifest.xml:17:1-24:12
MERGED from [com.github.bumptech.glide:gifdecoder:4.9.0] AndroidManifest.xml:2:1-11:12
MERGED from [io.grpc:grpc-android:1.16.1] AndroidManifest.xml:2:1-13:12
MERGED from [com.android.volley:volley:1.1.1] AndroidManifest.xml:2:1-11:12
MERGED from [com.google.firebase:firebase-database-collection:16.0.1] AndroidManifest.xml:2:1-7:12
MERGED from [com.google.firebase:protolite-well-known-types:16.0.1] AndroidManifest.xml:2:1-11:12
MERGED from [com.google.android.gms:play-services-measurement-base:16.0.0] AndroidManifest.xml:17:1-24:12
INJECTED from src/main/AndroidManifest.xml:2:1-174:12
INJECTED from src/main/AndroidManifest.xml:2:1-174:12
INJECTED from src/main/AndroidManifest.xml:2:1-174:12
	package
		ADDED from src/main/AndroidManifest.xml:4:5-28
		INJECTED from src/main/AndroidManifest.xml
		INJECTED from src/main/AndroidManifest.xml
	android:versionName
		INJECTED from src/main/AndroidManifest.xml
		ADDED from src/main/AndroidManifest.xml:2:1-174:12
		INJECTED from src/main/AndroidManifest.xml
	xmlns:tools
		ADDED from src/main/AndroidManifest.xml:3:5-51
	android:versionCode
		INJECTED from src/main/AndroidManifest.xml
		ADDED from src/main/AndroidManifest.xml:2:1-174:12
		INJECTED from src/main/AndroidManifest.xml
	xmlns:android
		ADDED from src/main/AndroidManifest.xml:2:11-69
uses-permission#android.permission.WRITE_EXTERNAL_STORAGE
ADDED from src/main/AndroidManifest.xml:6:5-81
MERGED from [com.github.dhaval2404:imagepicker-support:1.3] AndroidManifest.xml:12:5-81
MERGED from [com.github.dhaval2404:imagepicker-support:1.3] AndroidManifest.xml:12:5-81
MERGED from [net.gotev:uploadservice:3.5.2] AndroidManifest.xml:13:5-81
MERGED from [net.gotev:uploadservice:3.5.2] AndroidManifest.xml:13:5-81
MERGED from [com.asksira.android:bsimagepicker:1.1.0] AndroidManifest.xml:12:5-81
MERGED from [com.asksira.android:bsimagepicker:1.1.0] AndroidManifest.xml:12:5-81
	android:name
		ADDED from src/main/AndroidManifest.xml:6:22-78
uses-permission#android.permission.CAMERA
ADDED from src/main/AndroidManifest.xml:7:5-65
MERGED from [com.github.dhaval2404:imagepicker-support:1.3] AndroidManifest.xml:19:5-65
MERGED from [com.github.dhaval2404:imagepicker-support:1.3] AndroidManifest.xml:19:5-65
MERGED from [com.asksira.android:bsimagepicker:1.1.0] AndroidManifest.xml:13:5-65
MERGED from [com.asksira.android:bsimagepicker:1.1.0] AndroidManifest.xml:13:5-65
	android:name
		ADDED from src/main/AndroidManifest.xml:7:22-62
uses-permission#android.permission.FOREGROUND_SERVICE
ADDED from src/main/AndroidManifest.xml:8:5-77
MERGED from [net.gotev:uploadservice:3.5.2] AndroidManifest.xml:15:5-77
MERGED from [net.gotev:uploadservice:3.5.2] AndroidManifest.xml:15:5-77
	android:name
		ADDED from src/main/AndroidManifest.xml:8:22-74
uses-permission#android.permission.ACCESS_FINE_LOCATION
ADDED from src/main/AndroidManifest.xml:9:5-79
MERGED from [com.google.android.libraries.places:places:1.0.0] AndroidManifest.xml:9:5-79
MERGED from [com.google.android.libraries.places:places:1.0.0] AndroidManifest.xml:9:5-79
	android:name
		ADDED from src/main/AndroidManifest.xml:9:22-76
uses-permission#android.permission.READ_PHONE_STATE
ADDED from src/main/AndroidManifest.xml:10:5-75
	android:name
		ADDED from src/main/AndroidManifest.xml:10:22-72
uses-permission#android.permission.INTERNET
ADDED from src/main/AndroidManifest.xml:11:5-67
MERGED from [com.google.android.libraries.places:places:1.0.0] AndroidManifest.xml:11:5-67
MERGED from [com.google.android.libraries.places:places:1.0.0] AndroidManifest.xml:11:5-67
MERGED from [net.gotev:uploadservice:3.5.2] AndroidManifest.xml:11:5-67
MERGED from [net.gotev:uploadservice:3.5.2] AndroidManifest.xml:11:5-67
MERGED from [com.google.firebase:firebase-firestore:19.0.0] AndroidManifest.xml:14:5-67
MERGED from [com.google.firebase:firebase-firestore:19.0.0] AndroidManifest.xml:14:5-67
MERGED from [com.google.firebase:firebase-measurement-connector-impl:16.0.1] AndroidManifest.xml:22:5-67
MERGED from [com.google.firebase:firebase-measurement-connector-impl:16.0.1] AndroidManifest.xml:22:5-67
MERGED from [com.google.firebase:firebase-analytics:16.0.1] AndroidManifest.xml:23:5-67
MERGED from [com.google.firebase:firebase-analytics:16.0.1] AndroidManifest.xml:23:5-67
MERGED from [com.google.firebase:firebase-analytics-impl:16.1.1] AndroidManifest.xml:23:5-67
MERGED from [com.google.firebase:firebase-analytics-impl:16.1.1] AndroidManifest.xml:23:5-67
MERGED from [com.google.firebase:firebase-iid:17.0.0] AndroidManifest.xml:23:5-67
MERGED from [com.google.firebase:firebase-iid:17.0.0] AndroidManifest.xml:23:5-67
MERGED from [com.google.android.gms:play-services-maps:16.0.0] AndroidManifest.xml:24:5-67
MERGED from [com.google.android.gms:play-services-maps:16.0.0] AndroidManifest.xml:24:5-67
	android:name
		ADDED from src/main/AndroidManifest.xml:11:22-64
application
ADDED from src/main/AndroidManifest.xml:13:5-172:19
MERGED from [com.github.dhaval2404:imagepicker-support:1.3] AndroidManifest.xml:21:5-40:19
MERGED from [com.github.dhaval2404:imagepicker-support:1.3] AndroidManifest.xml:21:5-40:19
MERGED from [com.github.niorgai:StatusBarCompat:2.1.4] AndroidManifest.xml:11:5-15:19
MERGED from [com.github.niorgai:StatusBarCompat:2.1.4] AndroidManifest.xml:11:5-15:19
MERGED from [com.facebook.android:account-kit-sdk:5.4.0] AndroidManifest.xml:28:5-53:19
MERGED from [com.facebook.android:account-kit-sdk:5.4.0] AndroidManifest.xml:28:5-53:19
MERGED from [com.google.android.libraries.places:places:1.0.0] AndroidManifest.xml:13:5-24:19
MERGED from [com.google.android.libraries.places:places:1.0.0] AndroidManifest.xml:13:5-24:19
MERGED from [com.google.android.material:material:1.0.0] AndroidManifest.xml:22:5-20
MERGED from [com.google.android.material:material:1.0.0] AndroidManifest.xml:22:5-20
MERGED from [net.gotev:uploadservice:3.5.2] AndroidManifest.xml:17:5-23:19
MERGED from [net.gotev:uploadservice:3.5.2] AndroidManifest.xml:17:5-23:19
MERGED from [androidx.constraintlayout:constraintlayout:1.1.3] AndroidManifest.xml:9:5-20
MERGED from [androidx.constraintlayout:constraintlayout:1.1.3] AndroidManifest.xml:9:5-20
MERGED from [com.google.android.gms:play-services-location:16.0.0] AndroidManifest.xml:7:5-20
MERGED from [com.google.android.gms:play-services-location:16.0.0] AndroidManifest.xml:7:5-20
MERGED from [com.google.firebase:firebase-messaging:17.3.0] AndroidManifest.xml:22:5-35:19
MERGED from [com.google.firebase:firebase-messaging:17.3.0] AndroidManifest.xml:22:5-35:19
MERGED from [com.google.firebase:firebase-firestore:19.0.0] AndroidManifest.xml:16:5-22:19
MERGED from [com.google.firebase:firebase-firestore:19.0.0] AndroidManifest.xml:16:5-22:19
MERGED from [com.google.android.gms:play-services-places-placereport:16.0.0] AndroidManifest.xml:22:5-20
MERGED from [com.google.android.gms:play-services-places-placereport:16.0.0] AndroidManifest.xml:22:5-20
MERGED from [com.google.firebase:firebase-core:16.0.1] AndroidManifest.xml:7:5-20
MERGED from [com.google.firebase:firebase-core:16.0.1] AndroidManifest.xml:7:5-20
MERGED from [com.google.firebase:firebase-measurement-connector-impl:16.0.1] AndroidManifest.xml:26:5-32:19
MERGED from [com.google.firebase:firebase-measurement-connector-impl:16.0.1] AndroidManifest.xml:26:5-32:19
MERGED from [com.google.firebase:firebase-analytics:16.0.1] AndroidManifest.xml:28:5-53:19
MERGED from [com.google.firebase:firebase-analytics:16.0.1] AndroidManifest.xml:28:5-53:19
MERGED from [com.google.firebase:firebase-analytics-impl:16.1.1] AndroidManifest.xml:28:5-38:19
MERGED from [com.google.firebase:firebase-analytics-impl:16.1.1] AndroidManifest.xml:28:5-38:19
MERGED from [com.google.firebase:firebase-iid:17.0.0] AndroidManifest.xml:28:5-57:19
MERGED from [com.google.firebase:firebase-iid:17.0.0] AndroidManifest.xml:28:5-57:19
MERGED from [com.google.android.gms:play-services-auth:16.0.1] AndroidManifest.xml:22:5-37:19
MERGED from [com.google.android.gms:play-services-auth:16.0.1] AndroidManifest.xml:22:5-37:19
MERGED from [com.google.android.gms:play-services-maps:16.0.0] AndroidManifest.xml:30:5-20
MERGED from [com.google.android.gms:play-services-maps:16.0.0] AndroidManifest.xml:30:5-20
MERGED from [com.google.android.gms:play-services-clearcut:16.0.0] AndroidManifest.xml:22:5-20
MERGED from [com.google.android.gms:play-services-clearcut:16.0.0] AndroidManifest.xml:22:5-20
MERGED from [com.google.firebase:firebase-auth-interop:17.0.0] AndroidManifest.xml:7:5-8:19
MERGED from [com.google.firebase:firebase-auth-interop:17.0.0] AndroidManifest.xml:7:5-8:19
MERGED from [com.google.firebase:firebase-iid-interop:16.0.0] AndroidManifest.xml:7:5-8:19
MERGED from [com.google.firebase:firebase-iid-interop:16.0.0] AndroidManifest.xml:7:5-8:19
MERGED from [com.google.android.gms:play-services-phenotype:16.0.0] AndroidManifest.xml:22:5-20
MERGED from [com.google.android.gms:play-services-phenotype:16.0.0] AndroidManifest.xml:22:5-20
MERGED from [com.google.android.gms:play-services-base:16.1.0] AndroidManifest.xml:22:5-27:19
MERGED from [com.google.android.gms:play-services-base:16.1.0] AndroidManifest.xml:22:5-27:19
MERGED from [com.google.firebase:firebase-common:17.0.0] AndroidManifest.xml:11:5-17:19
MERGED from [com.google.firebase:firebase-common:17.0.0] AndroidManifest.xml:11:5-17:19
MERGED from [com.google.android.gms:play-services-tasks:16.0.1] AndroidManifest.xml:7:5-20
MERGED from [com.google.android.gms:play-services-tasks:16.0.1] AndroidManifest.xml:7:5-20
MERGED from [com.google.firebase:firebase-measurement-connector:16.0.0] AndroidManifest.xml:22:5-23:19
MERGED from [com.google.firebase:firebase-measurement-connector:16.0.0] AndroidManifest.xml:22:5-23:19
MERGED from [com.google.android.gms:play-services-stats:15.0.1] AndroidManifest.xml:7:5-20
MERGED from [com.google.android.gms:play-services-stats:15.0.1] AndroidManifest.xml:7:5-20
MERGED from [com.google.android.gms:play-services-ads-identifier:15.0.1] AndroidManifest.xml:22:5-20
MERGED from [com.google.android.gms:play-services-ads-identifier:15.0.1] AndroidManifest.xml:22:5-20
MERGED from [com.google.android.gms:play-services-basement:16.2.0] AndroidManifest.xml:22:5-26:19
MERGED from [com.google.android.gms:play-services-basement:16.2.0] AndroidManifest.xml:22:5-26:19
MERGED from [com.squareup.picasso:picasso:2.71828] AndroidManifest.xml:7:5-12:19
MERGED from [com.squareup.picasso:picasso:2.71828] AndroidManifest.xml:7:5-12:19
MERGED from [de.hdodenhof:circleimageview:3.0.0] AndroidManifest.xml:9:5-20
MERGED from [de.hdodenhof:circleimageview:3.0.0] AndroidManifest.xml:9:5-20
MERGED from [com.bignerdranch.android:simple-item-decoration:1.0.0] AndroidManifest.xml:11:5-14:19
MERGED from [com.bignerdranch.android:simple-item-decoration:1.0.0] AndroidManifest.xml:11:5-14:19
MERGED from [com.kaopiz:kprogresshud:1.2.0] AndroidManifest.xml:11:5-13:38
MERGED from [com.kaopiz:kprogresshud:1.2.0] AndroidManifest.xml:11:5-13:38
MERGED from [com.github.bumptech.glide:glide:4.9.0] AndroidManifest.xml:10:5-20
MERGED from [com.github.bumptech.glide:glide:4.9.0] AndroidManifest.xml:10:5-20
MERGED from [androidx.core:core:1.1.0] AndroidManifest.xml:24:5-89
MERGED from [androidx.core:core:1.1.0] AndroidManifest.xml:24:5-89
MERGED from [androidx.versionedparcelable:versionedparcelable:1.1.0] AndroidManifest.xml:24:5-25:19
MERGED from [androidx.versionedparcelable:versionedparcelable:1.1.0] AndroidManifest.xml:24:5-25:19
MERGED from [com.github.bumptech.glide:gifdecoder:4.9.0] AndroidManifest.xml:9:5-20
MERGED from [com.github.bumptech.glide:gifdecoder:4.9.0] AndroidManifest.xml:9:5-20
MERGED from [com.android.volley:volley:1.1.1] AndroidManifest.xml:9:5-20
MERGED from [com.android.volley:volley:1.1.1] AndroidManifest.xml:9:5-20
MERGED from [com.google.android.gms:play-services-measurement-base:16.0.0] AndroidManifest.xml:22:5-20
MERGED from [com.google.android.gms:play-services-measurement-base:16.0.0] AndroidManifest.xml:22:5-20
	android:appComponentFactory
		ADDED from [androidx.core:core:1.1.0] AndroidManifest.xml:24:18-86
	android:supportsRtl
		ADDED from [com.github.niorgai:StatusBarCompat:2.1.4] AndroidManifest.xml:14:9-35
	android:label
		ADDED from src/main/AndroidManifest.xml:17:9-41
	android:roundIcon
		ADDED from src/main/AndroidManifest.xml:18:9-48
	android:icon
		ADDED from src/main/AndroidManifest.xml:16:9-43
	android:allowBackup
		ADDED from src/main/AndroidManifest.xml:15:9-36
		REJECTED from [com.github.niorgai:StatusBarCompat:2.1.4] AndroidManifest.xml:12:9-35
		REJECTED from [com.bignerdranch.android:simple-item-decoration:1.0.0] AndroidManifest.xml:12:9-35
		REJECTED from [com.kaopiz:kprogresshud:1.2.0] AndroidManifest.xml:12:9-35
	android:theme
		ADDED from src/main/AndroidManifest.xml:19:9-40
	tools:replace
		ADDED from src/main/AndroidManifest.xml:21:9-36
	android:usesCleartextTraffic
		ADDED from src/main/AndroidManifest.xml:20:9-44
	android:name
		ADDED from src/main/AndroidManifest.xml:14:9-40
activity#com.vn.ntesco.activity.PDFViewActivity
ADDED from src/main/AndroidManifest.xml:22:9-71
	android:name
		ADDED from src/main/AndroidManifest.xml:22:19-59
activity#com.vn.ntesco.activity.CheckListActivity
ADDED from src/main/AndroidManifest.xml:23:9-64
	android:name
		ADDED from src/main/AndroidManifest.xml:23:19-61
activity#com.vn.ntesco.activity.ViewImageActivity
ADDED from src/main/AndroidManifest.xml:24:9-64
	android:name
		ADDED from src/main/AndroidManifest.xml:24:19-61
activity#com.vn.ntesco.activity.DeepLinkActivity
ADDED from src/main/AndroidManifest.xml:25:9-34:20
	android:name
		ADDED from src/main/AndroidManifest.xml:25:19-60
intent-filter#action:name:android.intent.action.VIEW+category:name:android.intent.category.BROWSABLE+category:name:android.intent.category.DEFAULT+data:scheme:ntesco
ADDED from src/main/AndroidManifest.xml:26:13-33:29
action#android.intent.action.VIEW
ADDED from src/main/AndroidManifest.xml:27:17-69
	android:name
		ADDED from src/main/AndroidManifest.xml:27:25-66
category#android.intent.category.DEFAULT
ADDED from src/main/AndroidManifest.xml:29:17-76
	android:name
		ADDED from src/main/AndroidManifest.xml:29:27-73
category#android.intent.category.BROWSABLE
ADDED from src/main/AndroidManifest.xml:30:17-78
	android:name
		ADDED from src/main/AndroidManifest.xml:30:27-75
data
ADDED from src/main/AndroidManifest.xml:32:17-49
	android:scheme
		ADDED from src/main/AndroidManifest.xml:32:23-46
activity#com.vn.ntesco.activity.NotificationActivity
ADDED from src/main/AndroidManifest.xml:35:9-37:52
	android:screenOrientation
		ADDED from src/main/AndroidManifest.xml:37:13-49
	android:name
		ADDED from src/main/AndroidManifest.xml:36:13-58
activity#com.vn.ntesco.activity.SelectLanguageActivity
ADDED from src/main/AndroidManifest.xml:38:9-40:52
	android:screenOrientation
		ADDED from src/main/AndroidManifest.xml:40:13-49
	android:name
		ADDED from src/main/AndroidManifest.xml:39:13-60
activity#com.vn.ntesco.activity.ForgotPasswordActivity
ADDED from src/main/AndroidManifest.xml:41:9-43:52
	android:screenOrientation
		ADDED from src/main/AndroidManifest.xml:43:13-49
	android:name
		ADDED from src/main/AndroidManifest.xml:42:13-60
activity#com.vn.ntesco.activity.ChangePasswordActivity
ADDED from src/main/AndroidManifest.xml:44:9-47:58
	android:screenOrientation
		ADDED from src/main/AndroidManifest.xml:46:13-49
	android:windowSoftInputMode
		ADDED from src/main/AndroidManifest.xml:47:13-55
	android:name
		ADDED from src/main/AndroidManifest.xml:45:13-60
activity#com.vn.ntesco.activity.EditProfileActivity
ADDED from src/main/AndroidManifest.xml:48:9-51:58
	android:screenOrientation
		ADDED from src/main/AndroidManifest.xml:50:13-49
	android:windowSoftInputMode
		ADDED from src/main/AndroidManifest.xml:51:13-55
	android:name
		ADDED from src/main/AndroidManifest.xml:49:13-57
activity#com.vn.ntesco.activity.DetailPostActivity
ADDED from src/main/AndroidManifest.xml:52:9-54:52
	android:screenOrientation
		ADDED from src/main/AndroidManifest.xml:54:13-49
	android:name
		ADDED from src/main/AndroidManifest.xml:53:13-56
activity#com.vn.ntesco.activity.CreateReportActivity
ADDED from src/main/AndroidManifest.xml:55:9-58:58
	android:screenOrientation
		ADDED from src/main/AndroidManifest.xml:57:13-49
	android:windowSoftInputMode
		ADDED from src/main/AndroidManifest.xml:58:13-55
	android:name
		ADDED from src/main/AndroidManifest.xml:56:13-58
activity#com.vn.ntesco.activity.ReportActivity
ADDED from src/main/AndroidManifest.xml:59:9-62:52
	android:screenOrientation
		ADDED from src/main/AndroidManifest.xml:62:13-49
	android:launchMode
		ADDED from src/main/AndroidManifest.xml:61:13-44
	android:name
		ADDED from src/main/AndroidManifest.xml:60:13-52
activity#com.vn.ntesco.activity.DetailWorkActivity
ADDED from src/main/AndroidManifest.xml:63:9-65:52
	android:screenOrientation
		ADDED from src/main/AndroidManifest.xml:65:13-49
	android:name
		ADDED from src/main/AndroidManifest.xml:64:13-56
activity#com.vn.ntesco.activity.ListWorkActivity
ADDED from src/main/AndroidManifest.xml:66:9-69:52
	android:screenOrientation
		ADDED from src/main/AndroidManifest.xml:69:13-49
	android:launchMode
		ADDED from src/main/AndroidManifest.xml:68:13-44
	android:name
		ADDED from src/main/AndroidManifest.xml:67:13-54
activity#com.vn.ntesco.activity.ChemicalCalculationActivity
ADDED from src/main/AndroidManifest.xml:70:9-73:58
	android:screenOrientation
		ADDED from src/main/AndroidManifest.xml:72:13-49
	android:windowSoftInputMode
		ADDED from src/main/AndroidManifest.xml:73:13-55
	android:name
		ADDED from src/main/AndroidManifest.xml:71:13-65
activity#com.vn.ntesco.activity.DetailProductSolutionActivity
ADDED from src/main/AndroidManifest.xml:74:9-76:52
	android:screenOrientation
		ADDED from src/main/AndroidManifest.xml:76:13-49
	android:name
		ADDED from src/main/AndroidManifest.xml:75:13-67
activity#com.vn.ntesco.activity.DetailSolutionActivity
ADDED from src/main/AndroidManifest.xml:77:9-79:52
	android:screenOrientation
		ADDED from src/main/AndroidManifest.xml:79:13-49
	android:name
		ADDED from src/main/AndroidManifest.xml:78:13-60
activity#com.vn.ntesco.activity.SolutionApplicationActivity
ADDED from src/main/AndroidManifest.xml:80:9-82:52
	android:screenOrientation
		ADDED from src/main/AndroidManifest.xml:82:13-49
	android:name
		ADDED from src/main/AndroidManifest.xml:81:13-65
activity#com.vn.ntesco.activity.DetailNotificationActivity
ADDED from src/main/AndroidManifest.xml:83:9-85:52
	android:screenOrientation
		ADDED from src/main/AndroidManifest.xml:85:13-49
	android:name
		ADDED from src/main/AndroidManifest.xml:84:13-64
activity#com.vn.ntesco.activity.NewsEventActivity
ADDED from src/main/AndroidManifest.xml:86:9-88:52
	android:screenOrientation
		ADDED from src/main/AndroidManifest.xml:88:13-49
	android:name
		ADDED from src/main/AndroidManifest.xml:87:13-55
activity#com.vn.ntesco.activity.AboutUsActivity
ADDED from src/main/AndroidManifest.xml:89:9-91:52
	android:screenOrientation
		ADDED from src/main/AndroidManifest.xml:91:13-49
	android:name
		ADDED from src/main/AndroidManifest.xml:90:13-53
activity#com.vn.ntesco.activity.ServiceActivity
ADDED from src/main/AndroidManifest.xml:92:9-94:52
	android:screenOrientation
		ADDED from src/main/AndroidManifest.xml:94:13-49
	android:name
		ADDED from src/main/AndroidManifest.xml:93:13-53
activity#com.vn.ntesco.activity.WorkScheduleActivity
ADDED from src/main/AndroidManifest.xml:95:9-97:53
	android:screenOrientation
		ADDED from src/main/AndroidManifest.xml:97:13-50
	android:name
		ADDED from src/main/AndroidManifest.xml:96:13-58
activity#com.vn.ntesco.activity.MainActivity
ADDED from src/main/AndroidManifest.xml:98:9-102:58
	android:screenOrientation
		ADDED from src/main/AndroidManifest.xml:101:13-49
	android:launchMode
		ADDED from src/main/AndroidManifest.xml:100:13-44
	android:windowSoftInputMode
		ADDED from src/main/AndroidManifest.xml:102:13-55
	android:name
		ADDED from src/main/AndroidManifest.xml:99:13-50
activity#com.vn.ntesco.activity.SplashActivity
ADDED from src/main/AndroidManifest.xml:103:9-111:20
	android:screenOrientation
		ADDED from src/main/AndroidManifest.xml:105:13-49
	android:name
		ADDED from src/main/AndroidManifest.xml:104:13-52
intent-filter#action:name:android.intent.action.MAIN+category:name:android.intent.category.LAUNCHER
ADDED from src/main/AndroidManifest.xml:106:13-110:29
action#android.intent.action.MAIN
ADDED from src/main/AndroidManifest.xml:107:17-69
	android:name
		ADDED from src/main/AndroidManifest.xml:107:25-66
category#android.intent.category.LAUNCHER
ADDED from src/main/AndroidManifest.xml:109:17-77
	android:name
		ADDED from src/main/AndroidManifest.xml:109:27-74
activity#com.vn.ntesco.activity.AccountActivity
ADDED from src/main/AndroidManifest.xml:112:9-115:58
	android:screenOrientation
		ADDED from src/main/AndroidManifest.xml:114:13-49
	android:windowSoftInputMode
		ADDED from src/main/AndroidManifest.xml:115:13-55
	android:name
		ADDED from src/main/AndroidManifest.xml:113:13-53
activity#com.vn.ntesco.activity.AddAddressDialog
ADDED from src/main/AndroidManifest.xml:116:9-119:76
	android:windowSoftInputMode
		ADDED from src/main/AndroidManifest.xml:119:13-73
	android:theme
		ADDED from src/main/AndroidManifest.xml:118:13-53
	android:name
		ADDED from src/main/AndroidManifest.xml:117:13-54
activity#com.facebook.accountkit.ui.AccountKitActivity
ADDED from src/main/AndroidManifest.xml:120:9-82
MERGED from [com.facebook.android:account-kit-sdk:5.4.0] AndroidManifest.xml:29:9-34:58
MERGED from [com.facebook.android:account-kit-sdk:5.4.0] AndroidManifest.xml:29:9-34:58
	android:label
		ADDED from [com.facebook.android:account-kit-sdk:5.4.0] AndroidManifest.xml:31:13-65
	android:launchMode
		ADDED from [com.facebook.android:account-kit-sdk:5.4.0] AndroidManifest.xml:32:13-43
	android:windowSoftInputMode
		ADDED from [com.facebook.android:account-kit-sdk:5.4.0] AndroidManifest.xml:34:13-55
	android:theme
		ADDED from [com.facebook.android:account-kit-sdk:5.4.0] AndroidManifest.xml:33:13-52
	android:name
		ADDED from src/main/AndroidManifest.xml:120:19-79
meta-data#com.google.android.geo.API_KEY
ADDED from src/main/AndroidManifest.xml:122:9-124:55
	android:value
		ADDED from src/main/AndroidManifest.xml:124:13-52
	android:name
		ADDED from src/main/AndroidManifest.xml:123:13-58
meta-data#com.google.firebase.messaging.default_notification_channel_id
ADDED from src/main/AndroidManifest.xml:125:9-127:71
	android:value
		ADDED from src/main/AndroidManifest.xml:127:13-68